<?xml version="1.0" encoding="UTF-8"?>
<testsuite xmlns:xsi="http://www.w3.org/2001/XMLSchema-instance" xsi:noNamespaceSchemaLocation="https://maven.apache.org/surefire/maven-surefire-plugin/xsd/surefire-test-report.xsd" version="3.0.1" name="TestSuite" time="23.518" tests="1" errors="0" skipped="0" failures="0">
  <properties>
    <property name="gopherProxySet" value="false"/>
    <property name="awt.toolkit" value="sun.lwawt.macosx.LWCToolkit"/>
    <property name="surefire.suiteXmlFiles" value="selected_testng.xml"/>
    <property name="java.specification.version" value="11"/>
    <property name="sun.cpu.isalist" value=""/>
    <property name="sun.jnu.encoding" value="UTF-8"/>
    <property name="java.class.path" value="/Users/dhakshath/Documents/BandWidth/target/test-classes:/Users/dhakshath/Documents/BandWidth/target/classes:/Users/dhakshath/Documents/BandWidth/.m2/org/seleniumhq/selenium/selenium-java/4.30.0/selenium-java-4.30.0.jar:/Users/dhakshath/Documents/BandWidth/.m2/org/seleniumhq/selenium/selenium-api/4.30.0/selenium-api-4.30.0.jar:/Users/dhakshath/Documents/BandWidth/.m2/org/jspecify/jspecify/1.0.0/jspecify-1.0.0.jar:/Users/dhakshath/Documents/BandWidth/.m2/org/seleniumhq/selenium/selenium-chrome-driver/4.30.0/selenium-chrome-driver-4.30.0.jar:/Users/dhakshath/Documents/BandWidth/.m2/com/google/auto/service/auto-service-annotations/1.1.1/auto-service-annotations-1.1.1.jar:/Users/dhakshath/Documents/BandWidth/.m2/org/seleniumhq/selenium/selenium-chromium-driver/4.30.0/selenium-chromium-driver-4.30.0.jar:/Users/dhakshath/Documents/BandWidth/.m2/org/seleniumhq/selenium/selenium-json/4.30.0/selenium-json-4.30.0.jar:/Users/dhakshath/Documents/BandWidth/.m2/org/seleniumhq/selenium/selenium-manager/4.30.0/selenium-manager-4.30.0.jar:/Users/dhakshath/Documents/BandWidth/.m2/org/seleniumhq/selenium/selenium-devtools-v132/4.30.0/selenium-devtools-v132-4.30.0.jar:/Users/dhakshath/Documents/BandWidth/.m2/org/seleniumhq/selenium/selenium-devtools-v133/4.30.0/selenium-devtools-v133-4.30.0.jar:/Users/dhakshath/Documents/BandWidth/.m2/org/seleniumhq/selenium/selenium-devtools-v134/4.30.0/selenium-devtools-v134-4.30.0.jar:/Users/dhakshath/Documents/BandWidth/.m2/org/seleniumhq/selenium/selenium-edge-driver/4.30.0/selenium-edge-driver-4.30.0.jar:/Users/dhakshath/Documents/BandWidth/.m2/org/seleniumhq/selenium/selenium-firefox-driver/4.30.0/selenium-firefox-driver-4.30.0.jar:/Users/dhakshath/Documents/BandWidth/.m2/org/seleniumhq/selenium/selenium-http/4.30.0/selenium-http-4.30.0.jar:/Users/dhakshath/Documents/BandWidth/.m2/org/seleniumhq/selenium/selenium-ie-driver/4.30.0/selenium-ie-driver-4.30.0.jar:/Users/dhakshath/Documents/BandWidth/.m2/org/seleniumhq/selenium/selenium-remote-driver/4.30.0/selenium-remote-driver-4.30.0.jar:/Users/dhakshath/Documents/BandWidth/.m2/com/google/guava/guava/33.4.5-jre/guava-33.4.5-jre.jar:/Users/dhakshath/Documents/BandWidth/.m2/com/google/guava/failureaccess/1.0.3/failureaccess-1.0.3.jar:/Users/dhakshath/Documents/BandWidth/.m2/com/google/guava/listenablefuture/9999.0-empty-to-avoid-conflict-with-guava/listenablefuture-9999.0-empty-to-avoid-conflict-with-guava.jar:/Users/dhakshath/Documents/BandWidth/.m2/com/google/errorprone/error_prone_annotations/2.36.0/error_prone_annotations-2.36.0.jar:/Users/dhakshath/Documents/BandWidth/.m2/com/google/j2objc/j2objc-annotations/3.0.0/j2objc-annotations-3.0.0.jar:/Users/dhakshath/Documents/BandWidth/.m2/io/opentelemetry/opentelemetry-api/1.48.0/opentelemetry-api-1.48.0.jar:/Users/dhakshath/Documents/BandWidth/.m2/io/opentelemetry/opentelemetry-context/1.48.0/opentelemetry-context-1.48.0.jar:/Users/dhakshath/Documents/BandWidth/.m2/io/opentelemetry/opentelemetry-exporter-logging/1.48.0/opentelemetry-exporter-logging-1.48.0.jar:/Users/dhakshath/Documents/BandWidth/.m2/io/opentelemetry/opentelemetry-sdk-common/1.48.0/opentelemetry-sdk-common-1.48.0.jar:/Users/dhakshath/Documents/BandWidth/.m2/io/opentelemetry/opentelemetry-sdk-extension-autoconfigure-spi/1.48.0/opentelemetry-sdk-extension-autoconfigure-spi-1.48.0.jar:/Users/dhakshath/Documents/BandWidth/.m2/io/opentelemetry/opentelemetry-sdk-extension-autoconfigure/1.48.0/opentelemetry-sdk-extension-autoconfigure-1.48.0.jar:/Users/dhakshath/Documents/BandWidth/.m2/io/opentelemetry/opentelemetry-sdk-trace/1.48.0/opentelemetry-sdk-trace-1.48.0.jar:/Users/dhakshath/Documents/BandWidth/.m2/io/opentelemetry/opentelemetry-sdk/1.48.0/opentelemetry-sdk-1.48.0.jar:/Users/dhakshath/Documents/BandWidth/.m2/io/opentelemetry/opentelemetry-sdk-metrics/1.48.0/opentelemetry-sdk-metrics-1.48.0.jar:/Users/dhakshath/Documents/BandWidth/.m2/io/opentelemetry/opentelemetry-sdk-logs/1.48.0/opentelemetry-sdk-logs-1.48.0.jar:/Users/dhakshath/Documents/BandWidth/.m2/net/bytebuddy/byte-buddy/1.17.2/byte-buddy-1.17.2.jar:/Users/dhakshath/Documents/BandWidth/.m2/org/seleniumhq/selenium/selenium-os/4.30.0/selenium-os-4.30.0.jar:/Users/dhakshath/Documents/BandWidth/.m2/org/apache/commons/commons-exec/1.4.0/commons-exec-1.4.0.jar:/Users/dhakshath/Documents/BandWidth/.m2/org/seleniumhq/selenium/selenium-safari-driver/4.30.0/selenium-safari-driver-4.30.0.jar:/Users/dhakshath/Documents/BandWidth/.m2/org/seleniumhq/selenium/selenium-support/4.30.0/selenium-support-4.30.0.jar:/Users/dhakshath/Documents/BandWidth/.m2/org/testng/testng/7.8.0/testng-7.8.0.jar:/Users/dhakshath/Documents/BandWidth/.m2/org/slf4j/slf4j-api/1.7.36/slf4j-api-1.7.36.jar:/Users/dhakshath/Documents/BandWidth/.m2/com/beust/jcommander/1.82/jcommander-1.82.jar:/Users/dhakshath/Documents/BandWidth/.m2/org/webjars/jquery/3.6.1/jquery-3.6.1.jar:/Users/dhakshath/Documents/BandWidth/.m2/com/aventstack/extentreports/5.0.9/extentreports-5.0.9.jar:/Users/dhakshath/Documents/BandWidth/.m2/io/reactivex/rxjava3/rxjava/3.0.4/rxjava-3.0.4.jar:/Users/dhakshath/Documents/BandWidth/.m2/org/reactivestreams/reactive-streams/1.0.3/reactive-streams-1.0.3.jar:/Users/dhakshath/Documents/BandWidth/.m2/org/freemarker/freemarker/2.3.30/freemarker-2.3.30.jar:/Users/dhakshath/Documents/BandWidth/.m2/org/projectlombok/lombok/1.18.12/lombok-1.18.12.jar:/Users/dhakshath/Documents/BandWidth/.m2/com/google/code/gson/gson/2.8.6/gson-2.8.6.jar:"/>
    <property name="java.vm.vendor" value="Amazon.com Inc."/>
    <property name="sun.arch.data.model" value="64"/>
    <property name="java.vendor.url" value="https://aws.amazon.com/corretto/"/>
    <property name="user.timezone" value="Asia/Kolkata"/>
    <property name="java.vm.specification.version" value="11"/>
    <property name="os.name" value="Mac OS X"/>
    <property name="sun.java.launcher" value="SUN_STANDARD"/>
    <property name="user.country" value="IN"/>
    <property name="sun.boot.library.path" value="/Users/dhakshath/.sdkman/candidates/java/11.0.27-amzn/lib"/>
    <property name="sun.java.command" value="/Users/dhakshath/Documents/BandWidth/target/surefire/surefirebooter-20250506140209259_3.jar /Users/dhakshath/Documents/BandWidth/target/surefire 2025-05-06T14-02-09_227-jvmRun1 surefire-20250506140209259_1tmp surefire_0-20250506140209259_2tmp"/>
    <property name="http.nonProxyHosts" value="local|*.local|169.254/16|*.169.254/16"/>
    <property name="jdk.debug" value="release"/>
    <property name="surefire.test.class.path" value="/Users/dhakshath/Documents/BandWidth/target/test-classes:/Users/dhakshath/Documents/BandWidth/target/classes:/Users/dhakshath/Documents/BandWidth/.m2/org/seleniumhq/selenium/selenium-java/4.30.0/selenium-java-4.30.0.jar:/Users/dhakshath/Documents/BandWidth/.m2/org/seleniumhq/selenium/selenium-api/4.30.0/selenium-api-4.30.0.jar:/Users/dhakshath/Documents/BandWidth/.m2/org/jspecify/jspecify/1.0.0/jspecify-1.0.0.jar:/Users/dhakshath/Documents/BandWidth/.m2/org/seleniumhq/selenium/selenium-chrome-driver/4.30.0/selenium-chrome-driver-4.30.0.jar:/Users/dhakshath/Documents/BandWidth/.m2/com/google/auto/service/auto-service-annotations/1.1.1/auto-service-annotations-1.1.1.jar:/Users/dhakshath/Documents/BandWidth/.m2/org/seleniumhq/selenium/selenium-chromium-driver/4.30.0/selenium-chromium-driver-4.30.0.jar:/Users/dhakshath/Documents/BandWidth/.m2/org/seleniumhq/selenium/selenium-json/4.30.0/selenium-json-4.30.0.jar:/Users/dhakshath/Documents/BandWidth/.m2/org/seleniumhq/selenium/selenium-manager/4.30.0/selenium-manager-4.30.0.jar:/Users/dhakshath/Documents/BandWidth/.m2/org/seleniumhq/selenium/selenium-devtools-v132/4.30.0/selenium-devtools-v132-4.30.0.jar:/Users/dhakshath/Documents/BandWidth/.m2/org/seleniumhq/selenium/selenium-devtools-v133/4.30.0/selenium-devtools-v133-4.30.0.jar:/Users/dhakshath/Documents/BandWidth/.m2/org/seleniumhq/selenium/selenium-devtools-v134/4.30.0/selenium-devtools-v134-4.30.0.jar:/Users/dhakshath/Documents/BandWidth/.m2/org/seleniumhq/selenium/selenium-edge-driver/4.30.0/selenium-edge-driver-4.30.0.jar:/Users/dhakshath/Documents/BandWidth/.m2/org/seleniumhq/selenium/selenium-firefox-driver/4.30.0/selenium-firefox-driver-4.30.0.jar:/Users/dhakshath/Documents/BandWidth/.m2/org/seleniumhq/selenium/selenium-http/4.30.0/selenium-http-4.30.0.jar:/Users/dhakshath/Documents/BandWidth/.m2/org/seleniumhq/selenium/selenium-ie-driver/4.30.0/selenium-ie-driver-4.30.0.jar:/Users/dhakshath/Documents/BandWidth/.m2/org/seleniumhq/selenium/selenium-remote-driver/4.30.0/selenium-remote-driver-4.30.0.jar:/Users/dhakshath/Documents/BandWidth/.m2/com/google/guava/guava/33.4.5-jre/guava-33.4.5-jre.jar:/Users/dhakshath/Documents/BandWidth/.m2/com/google/guava/failureaccess/1.0.3/failureaccess-1.0.3.jar:/Users/dhakshath/Documents/BandWidth/.m2/com/google/guava/listenablefuture/9999.0-empty-to-avoid-conflict-with-guava/listenablefuture-9999.0-empty-to-avoid-conflict-with-guava.jar:/Users/dhakshath/Documents/BandWidth/.m2/com/google/errorprone/error_prone_annotations/2.36.0/error_prone_annotations-2.36.0.jar:/Users/dhakshath/Documents/BandWidth/.m2/com/google/j2objc/j2objc-annotations/3.0.0/j2objc-annotations-3.0.0.jar:/Users/dhakshath/Documents/BandWidth/.m2/io/opentelemetry/opentelemetry-api/1.48.0/opentelemetry-api-1.48.0.jar:/Users/dhakshath/Documents/BandWidth/.m2/io/opentelemetry/opentelemetry-context/1.48.0/opentelemetry-context-1.48.0.jar:/Users/dhakshath/Documents/BandWidth/.m2/io/opentelemetry/opentelemetry-exporter-logging/1.48.0/opentelemetry-exporter-logging-1.48.0.jar:/Users/dhakshath/Documents/BandWidth/.m2/io/opentelemetry/opentelemetry-sdk-common/1.48.0/opentelemetry-sdk-common-1.48.0.jar:/Users/dhakshath/Documents/BandWidth/.m2/io/opentelemetry/opentelemetry-sdk-extension-autoconfigure-spi/1.48.0/opentelemetry-sdk-extension-autoconfigure-spi-1.48.0.jar:/Users/dhakshath/Documents/BandWidth/.m2/io/opentelemetry/opentelemetry-sdk-extension-autoconfigure/1.48.0/opentelemetry-sdk-extension-autoconfigure-1.48.0.jar:/Users/dhakshath/Documents/BandWidth/.m2/io/opentelemetry/opentelemetry-sdk-trace/1.48.0/opentelemetry-sdk-trace-1.48.0.jar:/Users/dhakshath/Documents/BandWidth/.m2/io/opentelemetry/opentelemetry-sdk/1.48.0/opentelemetry-sdk-1.48.0.jar:/Users/dhakshath/Documents/BandWidth/.m2/io/opentelemetry/opentelemetry-sdk-metrics/1.48.0/opentelemetry-sdk-metrics-1.48.0.jar:/Users/dhakshath/Documents/BandWidth/.m2/io/opentelemetry/opentelemetry-sdk-logs/1.48.0/opentelemetry-sdk-logs-1.48.0.jar:/Users/dhakshath/Documents/BandWidth/.m2/net/bytebuddy/byte-buddy/1.17.2/byte-buddy-1.17.2.jar:/Users/dhakshath/Documents/BandWidth/.m2/org/seleniumhq/selenium/selenium-os/4.30.0/selenium-os-4.30.0.jar:/Users/dhakshath/Documents/BandWidth/.m2/org/apache/commons/commons-exec/1.4.0/commons-exec-1.4.0.jar:/Users/dhakshath/Documents/BandWidth/.m2/org/seleniumhq/selenium/selenium-safari-driver/4.30.0/selenium-safari-driver-4.30.0.jar:/Users/dhakshath/Documents/BandWidth/.m2/org/seleniumhq/selenium/selenium-support/4.30.0/selenium-support-4.30.0.jar:/Users/dhakshath/Documents/BandWidth/.m2/org/testng/testng/7.8.0/testng-7.8.0.jar:/Users/dhakshath/Documents/BandWidth/.m2/org/slf4j/slf4j-api/1.7.36/slf4j-api-1.7.36.jar:/Users/dhakshath/Documents/BandWidth/.m2/com/beust/jcommander/1.82/jcommander-1.82.jar:/Users/dhakshath/Documents/BandWidth/.m2/org/webjars/jquery/3.6.1/jquery-3.6.1.jar:/Users/dhakshath/Documents/BandWidth/.m2/com/aventstack/extentreports/5.0.9/extentreports-5.0.9.jar:/Users/dhakshath/Documents/BandWidth/.m2/io/reactivex/rxjava3/rxjava/3.0.4/rxjava-3.0.4.jar:/Users/dhakshath/Documents/BandWidth/.m2/org/reactivestreams/reactive-streams/1.0.3/reactive-streams-1.0.3.jar:/Users/dhakshath/Documents/BandWidth/.m2/org/freemarker/freemarker/2.3.30/freemarker-2.3.30.jar:/Users/dhakshath/Documents/BandWidth/.m2/org/projectlombok/lombok/1.18.12/lombok-1.18.12.jar:/Users/dhakshath/Documents/BandWidth/.m2/com/google/code/gson/gson/2.8.6/gson-2.8.6.jar:"/>
    <property name="sun.cpu.endian" value="little"/>
    <property name="user.home" value="/Users/dhakshath"/>
    <property name="user.language" value="en"/>
    <property name="java.specification.vendor" value="Oracle Corporation"/>
    <property name="java.version.date" value="2025-04-15"/>
    <property name="java.home" value="/Users/dhakshath/.sdkman/candidates/java/11.0.27-amzn"/>
    <property name="file.separator" value="/"/>
    <property name="basedir" value="/Users/dhakshath/Documents/BandWidth"/>
    <property name="java.vm.compressedOopsMode" value="Zero based"/>
    <property name="line.separator" value="&#10;"/>
    <property name="java.specification.name" value="Java Platform API Specification"/>
    <property name="java.vm.specification.vendor" value="Oracle Corporation"/>
    <property name="java.awt.graphicsenv" value="sun.awt.CGraphicsEnvironment"/>
    <property name="surefire.real.class.path" value="/Users/dhakshath/Documents/BandWidth/target/surefire/surefirebooter-20250506140209259_3.jar"/>
    <property name="sun.management.compiler" value="HotSpot 64-Bit Tiered Compilers"/>
    <property name="ftp.nonProxyHosts" value="local|*.local|169.254/16|*.169.254/16"/>
    <property name="java.runtime.version" value="11.0.27+6-LTS"/>
    <property name="user.name" value="dhakshath"/>
    <property name="path.separator" value=":"/>
    <property name="RemoteExecution" value="true"/>
    <property name="otel.metrics.exporter" value="none"/>
    <property name="os.version" value="15.4.1"/>
    <property name="java.runtime.name" value="OpenJDK Runtime Environment"/>
    <property name="otel.traces.exporter" value="none"/>
    <property name="file.encoding" value="UTF-8"/>
    <property name="java.vm.name" value="OpenJDK 64-Bit Server VM"/>
    <property name="java.vendor.version" value="Corretto-11.0.27.6.1"/>
    <property name="localRepository" value="/Users/dhakshath/Documents/BandWidth/.m2"/>
    <property name="java.vendor.url.bug" value="https://github.com/corretto/corretto-11/issues/"/>
    <property name="otel.logs.exporter" value="none"/>
    <property name="java.io.tmpdir" value="/var/folders/d5/vhtnmxhj2cdbdlvq4jlw4dz00000gp/T/"/>
    <property name="java.version" value="11.0.27"/>
    <property name="user.dir" value="/Users/dhakshath/Documents/BandWidth"/>
    <property name="os.arch" value="aarch64"/>
    <property name="java.vm.specification.name" value="Java Virtual Machine Specification"/>
    <property name="java.awt.printerjob" value="sun.lwawt.macosx.CPrinterJob"/>
    <property name="env" value="lambdaTest"/>
    <property name="sun.os.patch.level" value="unknown"/>
    <property name="java.library.path" value="/Users/dhakshath/Library/Java/Extensions:/Library/Java/Extensions:/Network/Library/Java/Extensions:/System/Library/Java/Extensions:/usr/lib/java:."/>
    <property name="java.vm.info" value="mixed mode"/>
    <property name="java.vendor" value="Amazon.com Inc."/>
    <property name="java.vm.version" value="11.0.27+6-LTS"/>
    <property name="java.specification.maintenance.version" value="3"/>
    <property name="sun.io.unicode.encoding" value="UnicodeBig"/>
    <property name="maven.repo.local" value=".m2"/>
    <property name="java.class.version" value="55.0"/>
    <property name="socksNonProxyHosts" value="local|*.local|169.254/16|*.169.254/16"/>
  </properties>
  <testcase name="launchSiteAndClick" classname="com.bandwidth.CrossBrowserTest" time="15.154">
    <system-out><![CDATA[...
... TestNG 7.8.0 by Cédric Beust (cedric@beust.com)
...

chrome
]]></system-out>
    <system-err><![CDATA[SLF4J: Failed to load class "org.slf4j.impl.StaticLoggerBinder".
SLF4J: Defaulting to no-operation (NOP) logger implementation
SLF4J: See http://www.slf4j.org/codes.html#StaticLoggerBinder for further details.
May 06, 2025 2:02:09 PM org.openqa.selenium.remote.tracing.opentelemetry.OpenTelemetryTracer createTracer
INFO: Using OpenTelemetry for tracing
]]></system-err>
  </testcase>
</testsuite>