<?xml version="1.0" encoding="UTF-8"?>
<!-- Generated by org.testng.reporters.JUnitReportReporter -->
<testsuite hostname="IE6CLT5T2RTN3" failures="0" tests="1" name="com.bandwidth.CrossBrowserTest" time="0.000" errors="0" timestamp="2025-04-25T01:59:47 IST" skipped="1">
  <testcase classname="com.bandwidth.CrossBrowserTest" name="launchSiteAndClick" time="0.000">
    <skipped/>
  </testcase> <!-- launchSiteAndClick -->
</testsuite> <!-- com.bandwidth.CrossBrowserTest -->
