<?xml version="1.0" encoding="UTF-8"?>
<!-- Generated by org.testng.reporters.JUnitReportReporter -->
<testsuite hostname="IE6CLT5T2RTN3" failures="0" tests="4" name="com.bandwidth.CrossBrowserTest" time="286.959" errors="0" timestamp="2025-04-25T00:30:21 IST" skipped="1">
  <testcase classname="com.bandwidth.CrossBrowserTest" name="launchSiteAndClick" time="96.410"/>
  <testcase classname="com.bandwidth.CrossBrowserTest" name="launchSiteAndClick" time="95.921"/>
  <testcase classname="com.bandwidth.CrossBrowserTest" name="launchSiteAndClick" time="94.628"/>
  <testcase classname="com.bandwidth.CrossBrowserTest" name="launchSiteAndClick" time="0.000">
    <skipped/>
  </testcase> <!-- launchSiteAndClick -->
</testsuite> <!-- com.bandwidth.CrossBrowserTest -->
