<?xml version="1.0" encoding="UTF-8"?>
<!-- Generated by org.testng.reporters.JUnitReportReporter -->
<testsuite hostname="IE6CLT5T2RTN3" failures="0" tests="1" name="SampleQAFTest" time="7.903" errors="0" timestamp="2025-05-02T00:47:14 IST" skipped="0">
  <testcase classname="SampleQAFTest" name="sampleTest" time="7.903"/>
</testsuite> <!-- SampleQAFTest -->
