<?xml version="1.0" encoding="UTF-8"?>
<!-- Generated by org.testng.reporters.JUnitReportReporter -->
<testsuite hostname="IE6CLT5T2RTN3" failures="0" tests="1" name="com.bandwidth_QAF.SampleQAFTest" time="4.864" errors="0" timestamp="2025-05-02T12:00:53 IST" skipped="0">
  <testcase classname="com.bandwidth_QAF.SampleQAFTest" name="sampleTest" time="4.864"/>
</testsuite> <!-- com.bandwidth_QAF.SampleQAFTest -->
