<?xml version="1.0" encoding="UTF-8"?>
<!-- Generated by org.testng.reporters.JUnitReportReporter -->
<testsuite hostname="IE6CLT5T2RTN3" failures="0" tests="1" name="com.bandwidth.CrossBrowserTest" time="119.358" errors="0" timestamp="2025-04-18T11:19:50 IST" skipped="0">
  <testcase classname="com.bandwidth.CrossBrowserTest" name="launchSiteAndClick" time="119.358"/>
</testsuite> <!-- com.bandwidth.CrossBrowserTest -->
