<?xml version="1.0" encoding="UTF-8"?>
<!-- Generated by org.testng.reporters.JUnitReportReporter -->
<testsuite hostname="IE6CLT5T2RTN3" failures="0" tests="4" name="com.bandwidth.CrossBrowserTest" time="131.168" errors="0" timestamp="2025-04-20T14:41:48 IST" skipped="0">
  <testcase classname="com.bandwidth.CrossBrowserTest" name="launchSiteAndClick" time="23.209"/>
  <testcase classname="com.bandwidth.CrossBrowserTest" name="launchSiteAndClick" time="33.828"/>
  <testcase classname="com.bandwidth.CrossBrowserTest" name="launchSiteAndClick" time="36.190"/>
  <testcase classname="com.bandwidth.CrossBrowserTest" name="launchSiteAndClick" time="37.941"/>
</testsuite> <!-- com.bandwidth.CrossBrowserTest -->
