<?xml version="1.0" encoding="UTF-8"?>
<!-- Generated by org.testng.reporters.JUnitReportReporter -->
<testsuite hostname="IE6CLT5T2RTN3" failures="0" tests="4" name="com.bandwidth.CrossBrowserTest" time="118.045" errors="0" timestamp="2025-04-18T15:23:49 IST" skipped="0">
  <testcase classname="com.bandwidth.CrossBrowserTest" name="launchSiteAndClick" time="28.642"/>
  <testcase classname="com.bandwidth.CrossBrowserTest" name="launchSiteAndClick" time="22.438"/>
  <testcase classname="com.bandwidth.CrossBrowserTest" name="launchSiteAndClick" time="29.749"/>
  <testcase classname="com.bandwidth.CrossBrowserTest" name="launchSiteAndClick" time="37.216"/>
</testsuite> <!-- com.bandwidth.CrossBrowserTest -->
