<?xml version="1.0" encoding="UTF-8"?>
<!-- Generated by org.testng.reporters.JUnitReportReporter -->
<testsuite hostname="IE6CLT5T2RTN3" failures="0" tests="1" name="com.bandwidth.CrossBrowserTest" time="22.299" errors="0" timestamp="2025-04-18T15:17:22 IST" skipped="0">
  <testcase classname="com.bandwidth.CrossBrowserTest" name="launchSiteAndClick" time="22.299"/>
</testsuite> <!-- com.bandwidth.CrossBrowserTest -->
