<?xml version="1.0" encoding="UTF-8"?>
<!-- Generated by org.testng.reporters.JUnitReportReporter -->
<testsuite hostname="LT-MBP-364.local" failures="0" tests="1" name="com.bandwidth.CrossBrowserTest" time="23.326" errors="0" timestamp="2025-05-06T14:02:32 IST" skipped="0">
  <testcase classname="com.bandwidth.CrossBrowserTest" name="launchSiteAndClick" time="23.326"/>
</testsuite> <!-- com.bandwidth.CrossBrowserTest -->
