<?xml version="1.0" encoding="UTF-8"?>
<!-- Generated by org.testng.reporters.JUnitReportReporter -->
<testsuite hostname="IE6CLT5T2RTN3" failures="0" tests="4" name="com.bandwidth.CrossBrowserTest" time="106.675" errors="0" timestamp="2025-04-25T00:23:18 IST" skipped="1">
  <testcase classname="com.bandwidth.CrossBrowserTest" name="launchSiteAndClick" time="34.107"/>
  <testcase classname="com.bandwidth.CrossBrowserTest" name="launchSiteAndClick" time="0.000">
    <skipped/>
  </testcase> <!-- launchSiteAndClick -->
  <testcase classname="com.bandwidth.CrossBrowserTest" name="launchSiteAndClick" time="41.621"/>
  <testcase classname="com.bandwidth.CrossBrowserTest" name="launchSiteAndClick" time="30.947"/>
</testsuite> <!-- com.bandwidth.CrossBrowserTest -->
