<?xml version="1.0" encoding="UTF-8"?>
<!-- Generated by org.testng.reporters.JUnitReportReporter -->
<testsuite hostname="IE6CLT5T2RTN3" failures="0" tests="4" name="com.bandwidth.CrossBrowserTest" time="92.293" errors="0" timestamp="2025-04-23T17:05:15 IST" skipped="1">
  <testcase classname="com.bandwidth.CrossBrowserTest" name="launchSiteAndClick" time="30.445"/>
  <testcase classname="com.bandwidth.CrossBrowserTest" name="launchSiteAndClick" time="33.290"/>
  <testcase classname="com.bandwidth.CrossBrowserTest" name="launchSiteAndClick" time="0.001">
    <skipped/>
  </testcase> <!-- launchSiteAndClick -->
  <testcase classname="com.bandwidth.CrossBrowserTest" name="launchSiteAndClick" time="28.557"/>
</testsuite> <!-- com.bandwidth.CrossBrowserTest -->
