<?xml version="1.0" encoding="UTF-8"?>
<!-- Generated by org.testng.reporters.JUnitReportReporter -->
<testsuite hostname="IE6CLT5T2RTN3" failures="0" tests="4" name="com.bandwidth.CrossBrowserTest" time="92.898" errors="0" timestamp="2025-04-25T02:24:06 IST" skipped="1">
  <testcase classname="com.bandwidth.CrossBrowserTest" name="launchSiteAndClick" time="29.333"/>
  <testcase classname="com.bandwidth.CrossBrowserTest" name="launchSiteAndClick" time="0.000">
    <skipped/>
  </testcase> <!-- launchSiteAndClick -->
  <testcase classname="com.bandwidth.CrossBrowserTest" name="launchSiteAndClick" time="33.428"/>
  <testcase classname="com.bandwidth.CrossBrowserTest" name="launchSiteAndClick" time="30.137"/>
</testsuite> <!-- com.bandwidth.CrossBrowserTest -->
