<?xml version="1.0" encoding="UTF-8"?>
<!-- Generated by org.testng.reporters.JUnitReportReporter -->
<testsuite hostname="IE6CLT5T2RTN3" failures="0" tests="4" name="com.bandwidth.CrossBrowserTest" time="56.588" errors="0" timestamp="2025-04-19T18:26:36 IST" skipped="2">
  <testcase classname="com.bandwidth.CrossBrowserTest" name="launchSiteAndClick" time="21.887"/>
  <testcase classname="com.bandwidth.CrossBrowserTest" name="launchSiteAndClick" time="34.699"/>
  <testcase classname="com.bandwidth.CrossBrowserTest" name="launchSiteAndClick" time="0.001">
    <skipped/>
  </testcase> <!-- launchSiteAndClick -->
  <testcase classname="com.bandwidth.CrossBrowserTest" name="launchSiteAndClick" time="0.001">
    <skipped/>
  </testcase> <!-- launchSiteAndClick -->
</testsuite> <!-- com.bandwidth.CrossBrowserTest -->
